Started GET "/" for 127.0.0.1 at 2018-08-26 19:35:10 -0400
Processing by Rails::WelcomeController#index as HTML
  Rendering /home/karna/.rvm/gems/ruby-2.5.1/gems/railties-5.1.6/lib/rails/templates/rails/welcome/index.html.erb
  Rendered /home/karna/.rvm/gems/ruby-2.5.1/gems/railties-5.1.6/lib/rails/templates/rails/welcome/index.html.erb (2.0ms)
Completed 200 OK in 159ms (Views: 4.5ms)


Started GET "/microposts" for 127.0.0.1 at 2018-08-26 19:36:35 -0400
  
ActionController::RoutingError (No route matches [GET] "/microposts"):
  
actionpack (5.1.6) lib/action_dispatch/middleware/debug_exceptions.rb:63:in `call'
web-console (3.5.1) lib/web_console/middleware.rb:135:in `call_app'
web-console (3.5.1) lib/web_console/middleware.rb:28:in `block in call'
web-console (3.5.1) lib/web_console/middleware.rb:18:in `catch'
web-console (3.5.1) lib/web_console/middleware.rb:18:in `call'
actionpack (5.1.6) lib/action_dispatch/middleware/show_exceptions.rb:31:in `call'
railties (5.1.6) lib/rails/rack/logger.rb:36:in `call_app'
railties (5.1.6) lib/rails/rack/logger.rb:24:in `block in call'
activesupport (5.1.6) lib/active_support/tagged_logging.rb:69:in `block in tagged'
activesupport (5.1.6) lib/active_support/tagged_logging.rb:26:in `tagged'
activesupport (5.1.6) lib/active_support/tagged_logging.rb:69:in `tagged'
railties (5.1.6) lib/rails/rack/logger.rb:24:in `call'
sprockets-rails (3.2.1) lib/sprockets/rails/quiet_assets.rb:13:in `call'
actionpack (5.1.6) lib/action_dispatch/middleware/remote_ip.rb:79:in `call'
actionpack (5.1.6) lib/action_dispatch/middleware/request_id.rb:25:in `call'
rack (2.0.5) lib/rack/method_override.rb:22:in `call'
rack (2.0.5) lib/rack/runtime.rb:22:in `call'
activesupport (5.1.6) lib/active_support/cache/strategy/local_cache_middleware.rb:27:in `call'
actionpack (5.1.6) lib/action_dispatch/middleware/executor.rb:12:in `call'
actionpack (5.1.6) lib/action_dispatch/middleware/static.rb:125:in `call'
rack (2.0.5) lib/rack/sendfile.rb:111:in `call'
railties (5.1.6) lib/rails/engine.rb:522:in `call'
puma (3.9.1) lib/puma/configuration.rb:224:in `call'
puma (3.9.1) lib/puma/server.rb:602:in `handle_request'
puma (3.9.1) lib/puma/server.rb:435:in `process_client'
puma (3.9.1) lib/puma/server.rb:299:in `block in run'
puma (3.9.1) lib/puma/thread_pool.rb:120:in `block in spawn_thread'
Started GET "/" for 127.0.0.1 at 2018-08-26 20:18:18 -0400
Processing by Rails::WelcomeController#index as HTML
  Rendering /home/karna/.rvm/gems/ruby-2.5.1/gems/railties-5.1.6/lib/rails/templates/rails/welcome/index.html.erb
  Rendered /home/karna/.rvm/gems/ruby-2.5.1/gems/railties-5.1.6/lib/rails/templates/rails/welcome/index.html.erb (3.6ms)
Completed 200 OK in 7ms (Views: 5.0ms)


Started GET "/" for 127.0.0.1 at 2018-08-26 20:40:31 -0400
  
SyntaxError (/home/karna/Documents/Rails/r_Projects/environment/toy_app/app/controllers/application_controller.rb:8: syntax error, unexpected keyword_end, expecting end-of-input):
  
app/controllers/application_controller.rb:8: syntax error, unexpected keyword_end, expecting end-of-input
Started GET "/" for 127.0.0.1 at 2018-08-26 20:41:38 -0400
Processing by ApplicationController#hello as HTML
  Rendering html template
  Rendered html template (0.0ms)
Completed 200 OK in 114ms (Views: 1.0ms)


  [1m[35m (0.1ms)[0m  [1m[34mSELECT sqlite_version(*)[0m
  [1m[35m (4.0ms)[0m  [1m[35mCREATE TABLE "schema_migrations" ("version" varchar NOT NULL PRIMARY KEY)[0m
  [1m[35m (4.4ms)[0m  [1m[35mCREATE TABLE "ar_internal_metadata" ("key" varchar NOT NULL PRIMARY KEY, "value" varchar, "created_at" datetime NOT NULL, "updated_at" datetime NOT NULL)[0m
  [1m[36mActiveRecord::InternalMetadata Load (0.3ms)[0m  [1m[34mSELECT  "ar_internal_metadata".* FROM "ar_internal_metadata" WHERE "ar_internal_metadata"."key" = ? LIMIT ?[0m  [["key", "environment"], ["LIMIT", 1]]
  [1m[35m (0.1ms)[0m  [1m[36mbegin transaction[0m
  [1m[35mSQL (0.3ms)[0m  [1m[32mINSERT INTO "ar_internal_metadata" ("key", "value", "created_at", "updated_at") VALUES (?, ?, ?, ?)[0m  [["key", "environment"], ["value", "development"], ["created_at", "2018-08-27 01:23:57.324564"], ["updated_at", "2018-08-27 01:23:57.324564"]]
  [1m[35m (3.1ms)[0m  [1m[36mcommit transaction[0m
  [1m[35m (0.1ms)[0m  [1m[34mSELECT "schema_migrations"."version" FROM "schema_migrations" ORDER BY "schema_migrations"."version" ASC[0m
  [1m[35m (0.1ms)[0m  [1m[34mSELECT "schema_migrations"."version" FROM "schema_migrations" ORDER BY "schema_migrations"."version" ASC[0m
Migrating to CreateUsers (20180827012849)
  [1m[35m (0.0ms)[0m  [1m[36mbegin transaction[0m
  [1m[35m (0.1ms)[0m  [1m[34mSELECT sqlite_version(*)[0m
  [1m[35m (0.7ms)[0m  [1m[35mCREATE TABLE "users" ("id" INTEGER PRIMARY KEY AUTOINCREMENT NOT NULL, "name" varchar, "email" varchar, "created_at" datetime NOT NULL, "updated_at" datetime NOT NULL)[0m
  [1m[35mSQL (0.1ms)[0m  [1m[32mINSERT INTO "schema_migrations" ("version") VALUES (?)[0m  [["version", "20180827012849"]]
  [1m[35m (3.8ms)[0m  [1m[36mcommit transaction[0m
  [1m[36mActiveRecord::InternalMetadata Load (0.3ms)[0m  [1m[34mSELECT  "ar_internal_metadata".* FROM "ar_internal_metadata" WHERE "ar_internal_metadata"."key" = ? LIMIT ?[0m  [["key", "environment"], ["LIMIT", 1]]
  [1m[35m (0.1ms)[0m  [1m[36mbegin transaction[0m
  [1m[35m (0.1ms)[0m  [1m[36mcommit transaction[0m
  [1m[35m (0.1ms)[0m  [1m[34mSELECT "schema_migrations"."version" FROM "schema_migrations" ORDER BY "schema_migrations"."version" ASC[0m
Started GET "/" for 127.0.0.1 at 2018-08-26 21:32:22 -0400
  [1m[35m (0.2ms)[0m  [1m[34mSELECT "schema_migrations"."version" FROM "schema_migrations" ORDER BY "schema_migrations"."version" ASC[0m
Processing by ApplicationController#hello as HTML
  Rendering html template
  Rendered html template (0.0ms)
Completed 200 OK in 13ms (Views: 5.2ms | ActiveRecord: 0.0ms)


Started GET "/users" for 127.0.0.1 at 2018-08-26 21:32:26 -0400
Processing by UsersController#index as HTML
  Rendering users/index.html.erb within layouts/application
  [1m[36mUser Load (0.1ms)[0m  [1m[34mSELECT "users".* FROM "users"[0m
  Rendered users/index.html.erb within layouts/application (7.3ms)
Completed 200 OK in 515ms (Views: 511.2ms | ActiveRecord: 1.2ms)


Started GET "/users/new" for 127.0.0.1 at 2018-08-26 21:32:30 -0400
Processing by UsersController#new as HTML
  Rendering users/new.html.erb within layouts/application
  Rendered users/_form.html.erb (12.8ms)
  Rendered users/new.html.erb within layouts/application (13.9ms)
Completed 200 OK in 38ms (Views: 30.2ms | ActiveRecord: 0.9ms)


Started POST "/users" for 127.0.0.1 at 2018-08-26 21:32:42 -0400
Processing by UsersController#create as HTML
  Parameters: {"utf8"=>"✓", "authenticity_token"=>"eUfs3WI3rYm/ZBNODLh2Oj7jKteE0reJL9K22vj9kCyGTn4LUC8IhsMn6Bb28Qd0wbyC5pobtks15kN0hwn+OA==", "user"=>{"name"=>"Test Man", "email"=>"testy1@test.com"}, "commit"=>"Create User"}
  [1m[35m (0.1ms)[0m  [1m[36mbegin transaction[0m
  [1m[35mSQL (0.7ms)[0m  [1m[32mINSERT INTO "users" ("name", "email", "created_at", "updated_at") VALUES (?, ?, ?, ?)[0m  [["name", "Test Man"], ["email", "testy1@test.com"], ["created_at", "2018-08-27 01:32:42.911913"], ["updated_at", "2018-08-27 01:32:42.911913"]]
  [1m[35m (3.5ms)[0m  [1m[36mcommit transaction[0m
Redirected to http://localhost:3000/users/1
Completed 302 Found in 8ms (ActiveRecord: 4.3ms)


Started GET "/users/1" for 127.0.0.1 at 2018-08-26 21:32:42 -0400
Processing by UsersController#show as HTML
  Parameters: {"id"=>"1"}
  [1m[36mUser Load (0.7ms)[0m  [1m[34mSELECT  "users".* FROM "users" WHERE "users"."id" = ? LIMIT ?[0m  [["id", 1], ["LIMIT", 1]]
  Rendering users/show.html.erb within layouts/application
  Rendered users/show.html.erb within layouts/application (2.7ms)
Completed 200 OK in 94ms (Views: 81.5ms | ActiveRecord: 0.7ms)


Started GET "/users" for 127.0.0.1 at 2018-08-26 21:32:45 -0400
Processing by UsersController#index as HTML
  Rendering users/index.html.erb within layouts/application
  [1m[36mUser Load (0.2ms)[0m  [1m[34mSELECT "users".* FROM "users"[0m
  Rendered users/index.html.erb within layouts/application (1.8ms)
Completed 200 OK in 27ms (Views: 25.0ms | ActiveRecord: 0.2ms)


Started GET "/users/new" for 127.0.0.1 at 2018-08-26 21:34:35 -0400
Processing by UsersController#new as HTML
  Rendering users/new.html.erb within layouts/application
  Rendered users/_form.html.erb (2.9ms)
  Rendered users/new.html.erb within layouts/application (4.3ms)
Completed 200 OK in 50ms (Views: 47.9ms | ActiveRecord: 0.0ms)


Started POST "/users" for 127.0.0.1 at 2018-08-26 21:34:41 -0400
Processing by UsersController#create as HTML
  Parameters: {"utf8"=>"✓", "authenticity_token"=>"RRGWSfXlOhhmFqNx452fBeO9LmI9gso6lZPAMvgXahy6GASfx/2fFxpVWCkZ1O5LHOKGUyNLy/iPpzWch+MECA==", "user"=>{"name"=>"Test Woman", "email"=>""}, "commit"=>"Create User"}
  [1m[35m (0.1ms)[0m  [1m[36mbegin transaction[0m
  [1m[35mSQL (0.8ms)[0m  [1m[32mINSERT INTO "users" ("name", "email", "created_at", "updated_at") VALUES (?, ?, ?, ?)[0m  [["name", "Test Woman"], ["email", ""], ["created_at", "2018-08-27 01:34:41.607834"], ["updated_at", "2018-08-27 01:34:41.607834"]]
  [1m[35m (3.2ms)[0m  [1m[36mcommit transaction[0m
Redirected to http://localhost:3000/users/2
Completed 302 Found in 6ms (ActiveRecord: 4.1ms)


Started GET "/users/2" for 127.0.0.1 at 2018-08-26 21:34:41 -0400
Processing by UsersController#show as HTML
  Parameters: {"id"=>"2"}
  [1m[36mUser Load (0.2ms)[0m  [1m[34mSELECT  "users".* FROM "users" WHERE "users"."id" = ? LIMIT ?[0m  [["id", 2], ["LIMIT", 1]]
  Rendering users/show.html.erb within layouts/application
  Rendered users/show.html.erb within layouts/application (0.7ms)
Completed 200 OK in 27ms (Views: 25.1ms | ActiveRecord: 0.2ms)


Started GET "/users" for 127.0.0.1 at 2018-08-26 21:34:43 -0400
Processing by UsersController#index as HTML
  Rendering users/index.html.erb within layouts/application
  [1m[36mUser Load (0.3ms)[0m  [1m[34mSELECT "users".* FROM "users"[0m
  Rendered users/index.html.erb within layouts/application (3.9ms)
Completed 200 OK in 19ms (Views: 17.3ms | ActiveRecord: 0.3ms)


Started GET "/users/2" for 127.0.0.1 at 2018-08-26 21:34:45 -0400
Processing by UsersController#show as HTML
  Parameters: {"id"=>"2"}
  [1m[36mUser Load (0.2ms)[0m  [1m[34mSELECT  "users".* FROM "users" WHERE "users"."id" = ? LIMIT ?[0m  [["id", 2], ["LIMIT", 1]]
  Rendering users/show.html.erb within layouts/application
  Rendered users/show.html.erb within layouts/application (0.7ms)
Completed 200 OK in 18ms (Views: 16.7ms | ActiveRecord: 0.2ms)


Started GET "/users" for 127.0.0.1 at 2018-08-26 21:34:47 -0400
Processing by UsersController#index as HTML
  Rendering users/index.html.erb within layouts/application
  [1m[36mUser Load (0.1ms)[0m  [1m[34mSELECT "users".* FROM "users"[0m
  Rendered users/index.html.erb within layouts/application (1.6ms)
Completed 200 OK in 16ms (Views: 14.3ms | ActiveRecord: 0.1ms)


Started GET "/users/2" for 127.0.0.1 at 2018-08-26 21:34:49 -0400
Processing by UsersController#show as HTML
  Parameters: {"id"=>"2"}
  [1m[36mUser Load (0.1ms)[0m  [1m[34mSELECT  "users".* FROM "users" WHERE "users"."id" = ? LIMIT ?[0m  [["id", 2], ["LIMIT", 1]]
  Rendering users/show.html.erb within layouts/application
  Rendered users/show.html.erb within layouts/application (0.6ms)
Completed 200 OK in 18ms (Views: 16.4ms | ActiveRecord: 0.1ms)


Started GET "/users/2/edit" for 127.0.0.1 at 2018-08-26 21:34:52 -0400
Processing by UsersController#edit as HTML
  Parameters: {"id"=>"2"}
  [1m[36mUser Load (0.1ms)[0m  [1m[34mSELECT  "users".* FROM "users" WHERE "users"."id" = ? LIMIT ?[0m  [["id", 2], ["LIMIT", 1]]
  Rendering users/edit.html.erb within layouts/application
  Rendered users/_form.html.erb (1.7ms)
  Rendered users/edit.html.erb within layouts/application (2.7ms)
Completed 200 OK in 24ms (Views: 22.4ms | ActiveRecord: 0.1ms)


Started PATCH "/users/2" for 127.0.0.1 at 2018-08-26 21:34:56 -0400
Processing by UsersController#update as HTML
  Parameters: {"utf8"=>"✓", "authenticity_token"=>"i++ibGlOK7WcdaBRqp9Q41AJTDPTIiYzzpc5xNpHiI8NQMkr43cwfgHIJiuz4wAOJv2DMtiyi+Ayxz081mHtjg==", "user"=>{"name"=>"", "email"=>""}, "commit"=>"Update User", "id"=>"2"}
  [1m[36mUser Load (0.1ms)[0m  [1m[34mSELECT  "users".* FROM "users" WHERE "users"."id" = ? LIMIT ?[0m  [["id", 2], ["LIMIT", 1]]
  [1m[35m (0.1ms)[0m  [1m[36mbegin transaction[0m
  [1m[35mSQL (0.7ms)[0m  [1m[33mUPDATE "users" SET "name" = ?, "updated_at" = ? WHERE "users"."id" = ?[0m  [["name", ""], ["updated_at", "2018-08-27 01:34:56.204295"], ["id", 2]]
  [1m[35m (2.9ms)[0m  [1m[36mcommit transaction[0m
Redirected to http://localhost:3000/users/2
Completed 302 Found in 9ms (ActiveRecord: 3.8ms)


Started GET "/users/2" for 127.0.0.1 at 2018-08-26 21:34:56 -0400
Processing by UsersController#show as HTML
  Parameters: {"id"=>"2"}
  [1m[36mUser Load (0.1ms)[0m  [1m[34mSELECT  "users".* FROM "users" WHERE "users"."id" = ? LIMIT ?[0m  [["id", 2], ["LIMIT", 1]]
  Rendering users/show.html.erb within layouts/application
  Rendered users/show.html.erb within layouts/application (0.6ms)
Completed 200 OK in 26ms (Views: 24.6ms | ActiveRecord: 0.1ms)


Started GET "/users" for 127.0.0.1 at 2018-08-26 21:34:57 -0400
Processing by UsersController#index as HTML
  Rendering users/index.html.erb within layouts/application
  [1m[36mUser Load (0.1ms)[0m  [1m[34mSELECT "users".* FROM "users"[0m
  Rendered users/index.html.erb within layouts/application (1.5ms)
Completed 200 OK in 14ms (Views: 12.4ms | ActiveRecord: 0.1ms)


Started GET "/users" for 127.0.0.1 at 2018-08-26 21:35:26 -0400
Processing by UsersController#index as HTML
  Rendering users/index.html.erb within layouts/application
  [1m[36mUser Load (0.3ms)[0m  [1m[34mSELECT "users".* FROM "users"[0m
  Rendered users/index.html.erb within layouts/application (2.6ms)
Completed 200 OK in 15ms (Views: 13.0ms | ActiveRecord: 0.3ms)


Started DELETE "/users/2" for 127.0.0.1 at 2018-08-26 21:35:29 -0400
Processing by UsersController#destroy as HTML
  Parameters: {"authenticity_token"=>"46yczn64KnoinwHVi+nEG24+V1qiCVGkTCdAzxnQxmUSWPAsM7cCC5GiH/n6f0Zz7+spFhoiJafXn+nR9uyYeA==", "id"=>"2"}
  [1m[36mUser Load (0.2ms)[0m  [1m[34mSELECT  "users".* FROM "users" WHERE "users"."id" = ? LIMIT ?[0m  [["id", 2], ["LIMIT", 1]]
  [1m[35m (0.1ms)[0m  [1m[36mbegin transaction[0m
  [1m[35mSQL (0.7ms)[0m  [1m[31mDELETE FROM "users" WHERE "users"."id" = ?[0m  [["id", 2]]
  [1m[35m (3.4ms)[0m  [1m[36mcommit transaction[0m
Redirected to http://localhost:3000/users
Completed 302 Found in 9ms (ActiveRecord: 4.3ms)


Started GET "/users" for 127.0.0.1 at 2018-08-26 21:35:29 -0400
Processing by UsersController#index as HTML
  Rendering users/index.html.erb within layouts/application
  [1m[36mUser Load (0.9ms)[0m  [1m[34mSELECT "users".* FROM "users"[0m
  Rendered users/index.html.erb within layouts/application (6.6ms)
Completed 200 OK in 26ms (Views: 24.0ms | ActiveRecord: 0.9ms)


Started GET "/microposts" for 127.0.0.1 at 2018-08-26 21:51:50 -0400
  [1m[35m (0.4ms)[0m  [1m[34mSELECT "schema_migrations"."version" FROM "schema_migrations" ORDER BY "schema_migrations"."version" ASC[0m
  
ActiveRecord::PendingMigrationError (

Migrations are pending. To resolve this issue, run:

        bin/rails db:migrate RAILS_ENV=development

):
  
activerecord (5.1.6) lib/active_record/migration.rb:576:in `check_pending!'
activerecord (5.1.6) lib/active_record/migration.rb:553:in `call'
actionpack (5.1.6) lib/action_dispatch/middleware/callbacks.rb:26:in `block in call'
activesupport (5.1.6) lib/active_support/callbacks.rb:97:in `run_callbacks'
actionpack (5.1.6) lib/action_dispatch/middleware/callbacks.rb:24:in `call'
actionpack (5.1.6) lib/action_dispatch/middleware/executor.rb:12:in `call'
actionpack (5.1.6) lib/action_dispatch/middleware/debug_exceptions.rb:59:in `call'
web-console (3.5.1) lib/web_console/middleware.rb:135:in `call_app'
web-console (3.5.1) lib/web_console/middleware.rb:28:in `block in call'
web-console (3.5.1) lib/web_console/middleware.rb:18:in `catch'
web-console (3.5.1) lib/web_console/middleware.rb:18:in `call'
actionpack (5.1.6) lib/action_dispatch/middleware/show_exceptions.rb:31:in `call'
railties (5.1.6) lib/rails/rack/logger.rb:36:in `call_app'
railties (5.1.6) lib/rails/rack/logger.rb:24:in `block in call'
activesupport (5.1.6) lib/active_support/tagged_logging.rb:69:in `block in tagged'
activesupport (5.1.6) lib/active_support/tagged_logging.rb:26:in `tagged'
activesupport (5.1.6) lib/active_support/tagged_logging.rb:69:in `tagged'
railties (5.1.6) lib/rails/rack/logger.rb:24:in `call'
sprockets-rails (3.2.1) lib/sprockets/rails/quiet_assets.rb:13:in `call'
actionpack (5.1.6) lib/action_dispatch/middleware/remote_ip.rb:79:in `call'
actionpack (5.1.6) lib/action_dispatch/middleware/request_id.rb:25:in `call'
rack (2.0.5) lib/rack/method_override.rb:22:in `call'
rack (2.0.5) lib/rack/runtime.rb:22:in `call'
activesupport (5.1.6) lib/active_support/cache/strategy/local_cache_middleware.rb:27:in `call'
actionpack (5.1.6) lib/action_dispatch/middleware/executor.rb:12:in `call'
actionpack (5.1.6) lib/action_dispatch/middleware/static.rb:125:in `call'
rack (2.0.5) lib/rack/sendfile.rb:111:in `call'
railties (5.1.6) lib/rails/engine.rb:522:in `call'
puma (3.9.1) lib/puma/configuration.rb:224:in `call'
puma (3.9.1) lib/puma/server.rb:602:in `handle_request'
puma (3.9.1) lib/puma/server.rb:435:in `process_client'
puma (3.9.1) lib/puma/server.rb:299:in `block in run'
puma (3.9.1) lib/puma/thread_pool.rb:120:in `block in spawn_thread'
  [1m[35m (0.1ms)[0m  [1m[34mSELECT "schema_migrations"."version" FROM "schema_migrations" ORDER BY "schema_migrations"."version" ASC[0m
Migrating to CreateMicroposts (20180827015140)
  [1m[35m (0.0ms)[0m  [1m[36mbegin transaction[0m
  [1m[35m (0.0ms)[0m  [1m[34mSELECT sqlite_version(*)[0m
  [1m[35m (0.8ms)[0m  [1m[35mCREATE TABLE "microposts" ("id" INTEGER PRIMARY KEY AUTOINCREMENT NOT NULL, "content" text, "user_id" integer, "created_at" datetime NOT NULL, "updated_at" datetime NOT NULL)[0m
  [1m[35mSQL (0.1ms)[0m  [1m[32mINSERT INTO "schema_migrations" ("version") VALUES (?)[0m  [["version", "20180827015140"]]
  [1m[35m (8.7ms)[0m  [1m[36mcommit transaction[0m
  [1m[36mActiveRecord::InternalMetadata Load (0.1ms)[0m  [1m[34mSELECT  "ar_internal_metadata".* FROM "ar_internal_metadata" WHERE "ar_internal_metadata"."key" = ? LIMIT ?[0m  [["key", "environment"], ["LIMIT", 1]]
  [1m[35m (0.0ms)[0m  [1m[36mbegin transaction[0m
  [1m[35m (0.0ms)[0m  [1m[36mcommit transaction[0m
  [1m[35m (0.1ms)[0m  [1m[34mSELECT "schema_migrations"."version" FROM "schema_migrations" ORDER BY "schema_migrations"."version" ASC[0m
Started GET "/microposts" for 127.0.0.1 at 2018-08-26 21:52:07 -0400
  [1m[35m (0.4ms)[0m  [1m[34mSELECT "schema_migrations"."version" FROM "schema_migrations" ORDER BY "schema_migrations"."version" ASC[0m
Processing by MicropostsController#index as HTML
  Rendering microposts/index.html.erb within layouts/application
  [1m[36mMicropost Load (0.3ms)[0m  [1m[34mSELECT "microposts".* FROM "microposts"[0m
  Rendered microposts/index.html.erb within layouts/application (4.5ms)
Completed 200 OK in 49ms (Views: 44.9ms | ActiveRecord: 1.1ms)


Started GET "/microposts/new" for 127.0.0.1 at 2018-08-26 21:52:09 -0400
Processing by MicropostsController#new as HTML
  Rendering microposts/new.html.erb within layouts/application
  Rendered microposts/_form.html.erb (4.2ms)
  Rendered microposts/new.html.erb within layouts/application (6.1ms)
Completed 200 OK in 47ms (Views: 40.5ms | ActiveRecord: 0.4ms)


Started POST "/microposts" for 127.0.0.1 at 2018-08-26 21:52:23 -0400
Processing by MicropostsController#create as HTML
  Parameters: {"utf8"=>"✓", "authenticity_token"=>"+zyEcuRIuQdP3H8dc+JD1UFYjz4yphrtQpy/O8fTRH/i+lB5Bczhe1wSeFgeaM/7zoMBoB9vBy20w4M4zNKS2w==", "micropost"=>{"content"=>"Heyo this is basic as fuck bitch", "user_id"=>"1"}, "commit"=>"Create Micropost"}
  [1m[35m (0.1ms)[0m  [1m[36mbegin transaction[0m
  [1m[35mSQL (0.2ms)[0m  [1m[32mINSERT INTO "microposts" ("content", "user_id", "created_at", "updated_at") VALUES (?, ?, ?, ?)[0m  [["content", "Heyo this is basic as fuck bitch"], ["user_id", 1], ["created_at", "2018-08-27 01:52:23.554253"], ["updated_at", "2018-08-27 01:52:23.554253"]]
  [1m[35m (6.6ms)[0m  [1m[36mcommit transaction[0m
Redirected to http://localhost:3000/microposts/1
Completed 302 Found in 13ms (ActiveRecord: 7.0ms)


Started GET "/microposts/1" for 127.0.0.1 at 2018-08-26 21:52:23 -0400
Processing by MicropostsController#show as HTML
  Parameters: {"id"=>"1"}
  [1m[36mMicropost Load (0.2ms)[0m  [1m[34mSELECT  "microposts".* FROM "microposts" WHERE "microposts"."id" = ? LIMIT ?[0m  [["id", 1], ["LIMIT", 1]]
  Rendering microposts/show.html.erb within layouts/application
  Rendered microposts/show.html.erb within layouts/application (0.7ms)
Completed 200 OK in 26ms (Views: 24.4ms | ActiveRecord: 0.2ms)


Started GET "/microposts" for 127.0.0.1 at 2018-08-26 21:52:25 -0400
Processing by MicropostsController#index as HTML
  Rendering microposts/index.html.erb within layouts/application
  [1m[36mMicropost Load (0.4ms)[0m  [1m[34mSELECT "microposts".* FROM "microposts"[0m
  Rendered microposts/index.html.erb within layouts/application (4.1ms)
Completed 200 OK in 19ms (Views: 17.5ms | ActiveRecord: 0.4ms)


Started GET "/users" for 127.0.0.1 at 2018-08-26 21:52:29 -0400
Processing by UsersController#index as HTML
  Rendering users/index.html.erb within layouts/application
  [1m[36mUser Load (0.2ms)[0m  [1m[34mSELECT "users".* FROM "users"[0m
  Rendered users/index.html.erb within layouts/application (12.0ms)
Completed 200 OK in 34ms (Views: 31.5ms | ActiveRecord: 1.0ms)


Started GET "/users/1" for 127.0.0.1 at 2018-08-26 21:52:33 -0400
Processing by UsersController#show as HTML
  Parameters: {"id"=>"1"}
  [1m[36mUser Load (0.2ms)[0m  [1m[34mSELECT  "users".* FROM "users" WHERE "users"."id" = ? LIMIT ?[0m  [["id", 1], ["LIMIT", 1]]
  Rendering users/show.html.erb within layouts/application
  Rendered users/show.html.erb within layouts/application (1.2ms)
Completed 200 OK in 23ms (Views: 20.4ms | ActiveRecord: 0.2ms)


Started GET "/microposts" for 127.0.0.1 at 2018-08-26 21:55:06 -0400
Processing by MicropostsController#index as HTML
  Rendering microposts/index.html.erb within layouts/application
  [1m[36mMicropost Load (0.2ms)[0m  [1m[34mSELECT "microposts".* FROM "microposts"[0m
  Rendered microposts/index.html.erb within layouts/application (1.5ms)
Completed 200 OK in 18ms (Views: 16.6ms | ActiveRecord: 0.2ms)


Started GET "/microposts/1" for 127.0.0.1 at 2018-08-26 21:55:08 -0400
Processing by MicropostsController#show as HTML
  Parameters: {"id"=>"1"}
  [1m[36mMicropost Load (0.1ms)[0m  [1m[34mSELECT  "microposts".* FROM "microposts" WHERE "microposts"."id" = ? LIMIT ?[0m  [["id", 1], ["LIMIT", 1]]
  Rendering microposts/show.html.erb within layouts/application
  Rendered microposts/show.html.erb within layouts/application (0.7ms)
Completed 200 OK in 18ms (Views: 16.5ms | ActiveRecord: 0.1ms)


Started GET "/microposts" for 127.0.0.1 at 2018-08-26 21:55:10 -0400
Processing by MicropostsController#index as HTML
  Rendering microposts/index.html.erb within layouts/application
  [1m[36mMicropost Load (0.2ms)[0m  [1m[34mSELECT "microposts".* FROM "microposts"[0m
  Rendered microposts/index.html.erb within layouts/application (2.0ms)
Completed 200 OK in 21ms (Views: 20.4ms | ActiveRecord: 0.2ms)


Started GET "/microposts/new" for 127.0.0.1 at 2018-08-26 22:02:59 -0400
Processing by MicropostsController#new as HTML
  Rendering microposts/new.html.erb within layouts/application
  Rendered microposts/_form.html.erb (3.0ms)
  Rendered microposts/new.html.erb within layouts/application (4.8ms)
Completed 200 OK in 33ms (Views: 24.1ms | ActiveRecord: 0.8ms)


Started POST "/microposts" for 127.0.0.1 at 2018-08-26 22:03:13 -0400
Processing by MicropostsController#create as HTML
  Parameters: {"utf8"=>"✓", "authenticity_token"=>"Nf7BaXuX7S5eDU6KAq9AymaWV6tXjfd78As6YE+LnR0sOBVimhO1Uk3DSc9vJczk6U3ZNXpE6rsGVAZjRIpLuQ==", "micropost"=>{"content"=>"AYYLMAOAYYLMAOAYYLMAOAYYLMAOAYYLMAOAYYLMAOAYYLMAOAYYLMAOAYYLMAOAYYLMAOAYYLMAOAYYLMAOAYYLMAOAYYLMAOAYYLMAOAYYLMAOAYYLMAOAYYLMAOAYYLMAOAYYLMAOAYYLMAOAYYLMAOAYYLMAOAYYLMAOAYYLMAOAYYLMAOAYYLMAOAYYLMAOAYYLMAOAYYLMAOAYYLMAOAYYLMAOAYYLMAOAYYLMAOAYYLMAOAYYLMAOAYYLMAOAYYLMAOAYYLMAOAYYLMAOAYYLMAOAYYLMAOAYYLMAOAYYLMAOAYYLMAOAYYLMAOAYYLMAOAYYLMAOAYYLMAOAYYLMAOAYYLMAOAYYLMAOAYYLMAOAYYLMAOAYYLMAOAYYLMAOAYYLMAOAYYLMAOAYYLMAOAYYLMAOAYYLMAOAYYLMAO", "user_id"=>"1"}, "commit"=>"Create Micropost"}
  [1m[35m (0.1ms)[0m  [1m[36mbegin transaction[0m
  [1m[35m (0.0ms)[0m  [1m[31mrollback transaction[0m
  Rendering microposts/new.html.erb within layouts/application
  Rendered microposts/_form.html.erb (1.8ms)
  Rendered microposts/new.html.erb within layouts/application (2.7ms)
Completed 200 OK in 20ms (Views: 18.0ms | ActiveRecord: 0.1ms)


Started GET "/microposts" for 127.0.0.1 at 2018-08-26 22:03:35 -0400
Processing by MicropostsController#index as HTML
  Rendering microposts/index.html.erb within layouts/application
  [1m[36mMicropost Load (0.4ms)[0m  [1m[34mSELECT "microposts".* FROM "microposts"[0m
  Rendered microposts/index.html.erb within layouts/application (2.7ms)
Completed 200 OK in 21ms (Views: 19.5ms | ActiveRecord: 0.4ms)


  [1m[36mUser Load (0.1ms)[0m  [1m[34mSELECT  "users".* FROM "users" ORDER BY "users"."id" ASC LIMIT ?[0m  [["LIMIT", 1]]
  [1m[36mMicropost Load (0.1ms)[0m  [1m[34mSELECT  "microposts".* FROM "microposts" WHERE "microposts"."user_id" = ? LIMIT ?[0m  [["user_id", 1], ["LIMIT", 11]]
  [1m[36mMicropost Load (0.5ms)[0m  [1m[34mSELECT  "microposts".* FROM "microposts" WHERE "microposts"."user_id" = ? ORDER BY "microposts"."id" ASC LIMIT ?[0m  [["user_id", 1], ["LIMIT", 1]]
Started GET "/user" for 127.0.0.1 at 2018-08-26 22:14:54 -0400
  
ActionController::RoutingError (No route matches [GET] "/user"):
  
actionpack (5.1.6) lib/action_dispatch/middleware/debug_exceptions.rb:63:in `call'
web-console (3.5.1) lib/web_console/middleware.rb:135:in `call_app'
web-console (3.5.1) lib/web_console/middleware.rb:28:in `block in call'
web-console (3.5.1) lib/web_console/middleware.rb:18:in `catch'
web-console (3.5.1) lib/web_console/middleware.rb:18:in `call'
actionpack (5.1.6) lib/action_dispatch/middleware/show_exceptions.rb:31:in `call'
railties (5.1.6) lib/rails/rack/logger.rb:36:in `call_app'
railties (5.1.6) lib/rails/rack/logger.rb:24:in `block in call'
activesupport (5.1.6) lib/active_support/tagged_logging.rb:69:in `block in tagged'
activesupport (5.1.6) lib/active_support/tagged_logging.rb:26:in `tagged'
activesupport (5.1.6) lib/active_support/tagged_logging.rb:69:in `tagged'
railties (5.1.6) lib/rails/rack/logger.rb:24:in `call'
sprockets-rails (3.2.1) lib/sprockets/rails/quiet_assets.rb:13:in `call'
actionpack (5.1.6) lib/action_dispatch/middleware/remote_ip.rb:79:in `call'
actionpack (5.1.6) lib/action_dispatch/middleware/request_id.rb:25:in `call'
rack (2.0.5) lib/rack/method_override.rb:22:in `call'
rack (2.0.5) lib/rack/runtime.rb:22:in `call'
activesupport (5.1.6) lib/active_support/cache/strategy/local_cache_middleware.rb:27:in `call'
actionpack (5.1.6) lib/action_dispatch/middleware/executor.rb:12:in `call'
actionpack (5.1.6) lib/action_dispatch/middleware/static.rb:125:in `call'
rack (2.0.5) lib/rack/sendfile.rb:111:in `call'
railties (5.1.6) lib/rails/engine.rb:522:in `call'
puma (3.9.1) lib/puma/configuration.rb:224:in `call'
puma (3.9.1) lib/puma/server.rb:602:in `handle_request'
puma (3.9.1) lib/puma/server.rb:435:in `process_client'
puma (3.9.1) lib/puma/server.rb:299:in `block in run'
puma (3.9.1) lib/puma/thread_pool.rb:120:in `block in spawn_thread'
Started GET "/users" for 127.0.0.1 at 2018-08-26 22:14:59 -0400
Processing by UsersController#index as HTML
  Rendering users/index.html.erb within layouts/application
  [1m[36mUser Load (0.1ms)[0m  [1m[34mSELECT "users".* FROM "users"[0m
  Rendered users/index.html.erb within layouts/application (12.6ms)
Completed 200 OK in 36ms (Views: 29.7ms | ActiveRecord: 1.5ms)


Started GET "/users/1" for 127.0.0.1 at 2018-08-26 22:15:02 -0400
Processing by UsersController#show as HTML
  Parameters: {"id"=>"1"}
  [1m[36mUser Load (0.2ms)[0m  [1m[34mSELECT  "users".* FROM "users" WHERE "users"."id" = ? LIMIT ?[0m  [["id", 1], ["LIMIT", 1]]
  Rendering users/show.html.erb within layouts/application
  Rendered users/show.html.erb within layouts/application (7.6ms)
Completed 500 Internal Server Error in 12ms (ActiveRecord: 0.2ms)


  
ActionView::Template::Error (undefined method `micropost' for #<User:0x00007f98ac816ce8>
Did you mean?  microposts
               microposts=):
    11: </p>
    12: <p>
    13:   <strong>Post:</strong>
    14:   <%= @user.micropost %>
    15: </p>
    16: 
    17: <%= link_to 'Edit', edit_user_path(@user) %> |
  
app/views/users/show.html.erb:14:in `_app_views_users_show_html_erb___3863221888732282515_70146852957040'
Started GET "/users/1" for 127.0.0.1 at 2018-08-26 22:15:17 -0400
Processing by UsersController#show as HTML
  Parameters: {"id"=>"1"}
  [1m[36mUser Load (0.1ms)[0m  [1m[34mSELECT  "users".* FROM "users" WHERE "users"."id" = ? LIMIT ?[0m  [["id", 1], ["LIMIT", 1]]
  Rendering users/show.html.erb within layouts/application
  Rendered users/show.html.erb within layouts/application (17.5ms)
Completed 200 OK in 43ms (Views: 41.7ms | ActiveRecord: 0.1ms)


Started GET "/users" for 127.0.0.1 at 2018-08-26 22:16:05 -0400
Processing by UsersController#index as HTML
  Rendering users/index.html.erb within layouts/application
  [1m[36mUser Load (0.2ms)[0m  [1m[34mSELECT "users".* FROM "users"[0m
  Rendered users/index.html.erb within layouts/application (1.8ms)
Completed 200 OK in 22ms (Views: 20.4ms | ActiveRecord: 0.2ms)


Started GET "/users/1" for 127.0.0.1 at 2018-08-26 22:16:08 -0400
Processing by UsersController#show as HTML
  Parameters: {"id"=>"1"}
  [1m[36mUser Load (0.1ms)[0m  [1m[34mSELECT  "users".* FROM "users" WHERE "users"."id" = ? LIMIT ?[0m  [["id", 1], ["LIMIT", 1]]
  Rendering users/show.html.erb within layouts/application
  Rendered users/show.html.erb within layouts/application (1.0ms)
Completed 200 OK in 20ms (Views: 18.4ms | ActiveRecord: 0.1ms)


Started GET "/users/1" for 127.0.0.1 at 2018-08-26 22:16:53 -0400
Processing by UsersController#show as HTML
  Parameters: {"id"=>"1"}
  [1m[36mUser Load (0.5ms)[0m  [1m[34mSELECT  "users".* FROM "users" WHERE "users"."id" = ? LIMIT ?[0m  [["id", 1], ["LIMIT", 1]]
  Rendering users/show.html.erb within layouts/application
  [1m[36mMicropost Load (0.9ms)[0m  [1m[34mSELECT  "microposts".* FROM "microposts" WHERE "microposts"."user_id" = ? LIMIT ?[0m  [["user_id", 1], ["LIMIT", 11]]
  Rendered users/show.html.erb within layouts/application (34.1ms)
Completed 500 Internal Server Error in 44ms (ActiveRecord: 2.8ms)


  
ActionView::Template::Error (undefined method `content' for #<Micropost::ActiveRecord_Associations_CollectionProxy:0x00000000032958d0>
Did you mean?  connection):
    11: </p>
    12: <p>
    13:   <strong>Post:</strong>
    14:   <%= @user.microposts.content %>
    15: </p>
    16: 
    17: <%= link_to 'Edit', edit_user_path(@user) %> |
  
app/views/users/show.html.erb:14:in `_app_views_users_show_html_erb___3863221888732282515_26786220'
Started GET "/users/1" for 127.0.0.1 at 2018-08-26 22:16:58 -0400
Processing by UsersController#show as HTML
  Parameters: {"id"=>"1"}
  [1m[36mUser Load (0.1ms)[0m  [1m[34mSELECT  "users".* FROM "users" WHERE "users"."id" = ? LIMIT ?[0m  [["id", 1], ["LIMIT", 1]]
  Rendering users/show.html.erb within layouts/application
  Rendered users/show.html.erb within layouts/application (8.0ms)
Completed 500 Internal Server Error in 11ms (ActiveRecord: 0.1ms)


  
ActionView::Template::Error (undefined method `micropost' for #<User:0x00007f98b98fce20>
Did you mean?  microposts
               microposts=):
    11: </p>
    12: <p>
    13:   <strong>Post:</strong>
    14:   <%= @user.micropost.content %>
    15: </p>
    16: 
    17: <%= link_to 'Edit', edit_user_path(@user) %> |
  
app/views/users/show.html.erb:14:in `_app_views_users_show_html_erb___3863221888732282515_70146815532360'
Started GET "/users/1" for 127.0.0.1 at 2018-08-26 22:17:08 -0400
Processing by UsersController#show as HTML
  Parameters: {"id"=>"1"}
  [1m[36mUser Load (0.1ms)[0m  [1m[34mSELECT  "users".* FROM "users" WHERE "users"."id" = ? LIMIT ?[0m  [["id", 1], ["LIMIT", 1]]
  Rendering users/show.html.erb within layouts/application
  [1m[36mMicropost Load (0.2ms)[0m  [1m[34mSELECT  "microposts".* FROM "microposts" WHERE "microposts"."user_id" = ? LIMIT ?[0m  [["user_id", 1], ["LIMIT", 11]]
  Rendered users/show.html.erb within layouts/application (10.5ms)
Completed 500 Internal Server Error in 13ms (ActiveRecord: 0.3ms)


  
ActionView::Template::Error (undefined method `content' for #<Micropost::ActiveRecord_Associations_CollectionProxy:0x00007f98b84c0948>
Did you mean?  connection):
    11: </p>
    12: <p>
    13:   <strong>Post:</strong>
    14:   <%= @user.microposts.content %>
    15: </p>
    16: 
    17: <%= link_to 'Edit', edit_user_path(@user) %> |
  
app/views/users/show.html.erb:14:in `_app_views_users_show_html_erb___3863221888732282515_70146952122320'
Started GET "/users/1" for 127.0.0.1 at 2018-08-26 22:17:33 -0400
Processing by UsersController#show as HTML
  Parameters: {"id"=>"1"}
  [1m[36mUser Load (0.2ms)[0m  [1m[34mSELECT  "users".* FROM "users" WHERE "users"."id" = ? LIMIT ?[0m  [["id", 1], ["LIMIT", 1]]
  Rendering users/show.html.erb within layouts/application
  Rendered users/show.html.erb within layouts/application (6.5ms)
Completed 500 Internal Server Error in 11ms (ActiveRecord: 0.2ms)


  
ActionView::Template::Error (undefined method `content' for nil:NilClass):
    11: </p>
    12: <p>
    13:   <strong>Post:</strong>
    14:   <%= @micropost.content %>
    15: </p>
    16: 
    17: <%= link_to 'Edit', edit_user_path(@user) %> |
  
app/views/users/show.html.erb:14:in `_app_views_users_show_html_erb___3863221888732282515_70146816024580'
Started GET "/users/1" for 127.0.0.1 at 2018-08-26 22:17:42 -0400
Processing by UsersController#show as HTML
  Parameters: {"id"=>"1"}
  [1m[36mUser Load (0.1ms)[0m  [1m[34mSELECT  "users".* FROM "users" WHERE "users"."id" = ? LIMIT ?[0m  [["id", 1], ["LIMIT", 1]]
  Rendering users/show.html.erb within layouts/application
  Rendered users/show.html.erb within layouts/application (6.8ms)
Completed 500 Internal Server Error in 11ms (ActiveRecord: 0.1ms)


  
ActionView::Template::Error (undefined method `content' for nil:NilClass):
    11: </p>
    12: <p>
    13:   <strong>Post:</strong>
    14:   <%= @microposts.content %>
    15: </p>
    16: 
    17: <%= link_to 'Edit', edit_user_path(@user) %> |
  
app/views/users/show.html.erb:14:in `_app_views_users_show_html_erb___3863221888732282515_70146957646260'
Started GET "/users/1" for 127.0.0.1 at 2018-08-26 22:18:36 -0400
Processing by UsersController#show as HTML
  Parameters: {"id"=>"1"}
  [1m[36mUser Load (0.2ms)[0m  [1m[34mSELECT  "users".* FROM "users" WHERE "users"."id" = ? LIMIT ?[0m  [["id", 1], ["LIMIT", 1]]
  Rendering users/show.html.erb within layouts/application
  Rendered users/show.html.erb within layouts/application (5.3ms)
Completed 500 Internal Server Error in 10ms (ActiveRecord: 0.2ms)


  
ActionView::Template::Error (undefined method `content' for nil:NilClass):
    11: </p>
    12: <p>
    13:   <strong>Post:</strong>
    14:   <%= @micropost.content %>
    15: </p>
    16: 
    17: <%= link_to 'Edit', edit_user_path(@user) %> |
  
app/views/users/show.html.erb:14:in `_app_views_users_show_html_erb___3863221888732282515_70146963072700'
Started GET "/users/1" for 127.0.0.1 at 2018-08-26 22:22:20 -0400
Processing by UsersController#show as HTML
  Parameters: {"id"=>"1"}
  [1m[36mUser Load (0.1ms)[0m  [1m[34mSELECT  "users".* FROM "users" WHERE "users"."id" = ? LIMIT ?[0m  [["id", 1], ["LIMIT", 1]]
  Rendering users/show.html.erb within layouts/application
  Rendered users/show.html.erb within layouts/application (6.5ms)
Completed 500 Internal Server Error in 19ms (ActiveRecord: 0.9ms)


  
ActionView::Template::Error (undefined method `micropost' for #<User:0x00007f98b8ede830>
Did you mean?  microposts
               microposts=):
    11: </p>
    12: <p>
    13:   <strong>Post:</strong>
    14:   <%= @user.micropost.first.content %>
    15: </p>
    16: 
    17: <%= link_to 'Edit', edit_user_path(@user) %> |
  
app/views/users/show.html.erb:14:in `_app_views_users_show_html_erb___3863221888732282515_70146957155480'
Started GET "/users/1" for 127.0.0.1 at 2018-08-26 22:22:28 -0400
Processing by UsersController#show as HTML
  Parameters: {"id"=>"1"}
  [1m[36mUser Load (0.1ms)[0m  [1m[34mSELECT  "users".* FROM "users" WHERE "users"."id" = ? LIMIT ?[0m  [["id", 1], ["LIMIT", 1]]
  Rendering users/show.html.erb within layouts/application
  [1m[36mMicropost Load (0.3ms)[0m  [1m[34mSELECT  "microposts".* FROM "microposts" WHERE "microposts"."user_id" = ? ORDER BY "microposts"."id" ASC LIMIT ?[0m  [["user_id", 1], ["LIMIT", 1]]
  Rendered users/show.html.erb within layouts/application (13.5ms)
Completed 200 OK in 31ms (Views: 28.6ms | ActiveRecord: 1.0ms)


Started GET "/users" for 127.0.0.1 at 2018-08-26 22:22:32 -0400
Processing by UsersController#index as HTML
  Rendering users/index.html.erb within layouts/application
  [1m[36mUser Load (0.5ms)[0m  [1m[34mSELECT "users".* FROM "users"[0m
  Rendered users/index.html.erb within layouts/application (5.2ms)
Completed 200 OK in 27ms (Views: 25.2ms | ActiveRecord: 0.5ms)


Started GET "/microposts" for 127.0.0.1 at 2018-08-26 22:22:38 -0400
Processing by MicropostsController#index as HTML
  Rendering microposts/index.html.erb within layouts/application
  [1m[36mMicropost Load (0.2ms)[0m  [1m[34mSELECT "microposts".* FROM "microposts"[0m
  Rendered microposts/index.html.erb within layouts/application (2.3ms)
Completed 200 OK in 29ms (Views: 24.9ms | ActiveRecord: 0.2ms)


Started GET "/microposts/new" for 127.0.0.1 at 2018-08-26 22:22:40 -0400
Processing by MicropostsController#new as HTML
  Rendering microposts/new.html.erb within layouts/application
  Rendered microposts/_form.html.erb (2.2ms)
  Rendered microposts/new.html.erb within layouts/application (3.0ms)
Completed 200 OK in 20ms (Views: 18.9ms | ActiveRecord: 0.0ms)


Started POST "/microposts" for 127.0.0.1 at 2018-08-26 22:22:50 -0400
Processing by MicropostsController#create as HTML
  Parameters: {"utf8"=>"✓", "authenticity_token"=>"k1QtN+BSTCa1qccaQ8djKc39doF/8IeAT0yhezjw05iKkvk8AdYUWqZnwF8uTe8HQib4H1I5mkC5E514M/EFPA==", "micropost"=>{"content"=>"This is for displaying", "user_id"=>"1"}, "commit"=>"Create Micropost"}
  [1m[35m (0.1ms)[0m  [1m[36mbegin transaction[0m
  [1m[36mUser Load (0.1ms)[0m  [1m[34mSELECT  "users".* FROM "users" WHERE "users"."id" = ? LIMIT ?[0m  [["id", 1], ["LIMIT", 1]]
  [1m[35mSQL (2.9ms)[0m  [1m[32mINSERT INTO "microposts" ("content", "user_id", "created_at", "updated_at") VALUES (?, ?, ?, ?)[0m  [["content", "This is for displaying"], ["user_id", 1], ["created_at", "2018-08-27 02:22:50.853103"], ["updated_at", "2018-08-27 02:22:50.853103"]]
  [1m[35m (3.9ms)[0m  [1m[36mcommit transaction[0m
Redirected to http://localhost:3000/microposts/2
Completed 302 Found in 15ms (ActiveRecord: 7.0ms)


Started GET "/microposts/2" for 127.0.0.1 at 2018-08-26 22:22:50 -0400
Processing by MicropostsController#show as HTML
  Parameters: {"id"=>"2"}
  [1m[36mMicropost Load (0.2ms)[0m  [1m[34mSELECT  "microposts".* FROM "microposts" WHERE "microposts"."id" = ? LIMIT ?[0m  [["id", 2], ["LIMIT", 1]]
  Rendering microposts/show.html.erb within layouts/application
  Rendered microposts/show.html.erb within layouts/application (0.7ms)
Completed 200 OK in 21ms (Views: 19.2ms | ActiveRecord: 0.2ms)


Started GET "/microposts" for 127.0.0.1 at 2018-08-26 22:22:51 -0400
Processing by MicropostsController#index as HTML
  Rendering microposts/index.html.erb within layouts/application
  [1m[36mMicropost Load (0.3ms)[0m  [1m[34mSELECT "microposts".* FROM "microposts"[0m
  Rendered microposts/index.html.erb within layouts/application (3.3ms)
Completed 200 OK in 23ms (Views: 22.1ms | ActiveRecord: 0.3ms)


Started GET "/users" for 127.0.0.1 at 2018-08-26 22:22:56 -0400
Processing by UsersController#index as HTML
  Rendering users/index.html.erb within layouts/application
  [1m[36mUser Load (0.2ms)[0m  [1m[34mSELECT "users".* FROM "users"[0m
  Rendered users/index.html.erb within layouts/application (1.5ms)
Completed 200 OK in 24ms (Views: 22.8ms | ActiveRecord: 0.2ms)


Started GET "/users/1" for 127.0.0.1 at 2018-08-26 22:22:58 -0400
Processing by UsersController#show as HTML
  Parameters: {"id"=>"1"}
  [1m[36mUser Load (0.1ms)[0m  [1m[34mSELECT  "users".* FROM "users" WHERE "users"."id" = ? LIMIT ?[0m  [["id", 1], ["LIMIT", 1]]
  Rendering users/show.html.erb within layouts/application
  [1m[36mMicropost Load (0.2ms)[0m  [1m[34mSELECT  "microposts".* FROM "microposts" WHERE "microposts"."user_id" = ? ORDER BY "microposts"."id" ASC LIMIT ?[0m  [["user_id", 1], ["LIMIT", 1]]
  Rendered users/show.html.erb within layouts/application (2.1ms)
Completed 200 OK in 23ms (Views: 20.1ms | ActiveRecord: 0.3ms)


Started GET "/users/1" for 127.0.0.1 at 2018-08-26 22:23:11 -0400
Processing by UsersController#show as HTML
  Parameters: {"id"=>"1"}
  [1m[36mUser Load (0.1ms)[0m  [1m[34mSELECT  "users".* FROM "users" WHERE "users"."id" = ? LIMIT ?[0m  [["id", 1], ["LIMIT", 1]]
  Rendering users/show.html.erb within layouts/application
  [1m[36mMicropost Load (0.2ms)[0m  [1m[34mSELECT  "microposts".* FROM "microposts" WHERE "microposts"."user_id" = ? LIMIT ?[0m  [["user_id", 1], ["LIMIT", 11]]
  Rendered users/show.html.erb within layouts/application (6.1ms)
Completed 500 Internal Server Error in 9ms (ActiveRecord: 0.3ms)


  
ActionView::Template::Error (undefined method `content' for #<Micropost::ActiveRecord_AssociationRelation:0x00007f98ac813ae8>
Did you mean?  connection):
    11: </p>
    12: <p>
    13:   <strong>Post:</strong>
    14:   <%= @user.microposts.all.content %>
    15: </p>
    16: 
    17: <%= link_to 'Edit', edit_user_path(@user) %> |
  
app/views/users/show.html.erb:14:in `_app_views_users_show_html_erb___3863221888732282515_70146852981560'
Started GET "/users/1" for 127.0.0.1 at 2018-08-26 22:23:20 -0400
Processing by UsersController#show as HTML
  Parameters: {"id"=>"1"}
  [1m[36mUser Load (0.2ms)[0m  [1m[34mSELECT  "users".* FROM "users" WHERE "users"."id" = ? LIMIT ?[0m  [["id", 1], ["LIMIT", 1]]
  Rendering users/show.html.erb within layouts/application
  [1m[36mMicropost Load (0.4ms)[0m  [1m[34mSELECT  "microposts".* FROM "microposts" WHERE "microposts"."user_id" = ? LIMIT ?[0m  [["user_id", 1], ["LIMIT", 11]]
  Rendered users/show.html.erb within layouts/application (8.6ms)
Completed 500 Internal Server Error in 12ms (ActiveRecord: 0.6ms)


  
ActionView::Template::Error (undefined method `content' for #<Micropost::ActiveRecord_Associations_CollectionProxy:0x00007f98b99dbad0>
Did you mean?  connection):
    11: </p>
    12: <p>
    13:   <strong>Post:</strong>
    14:   <%= @user.microposts.content %>
    15: </p>
    16: 
    17: <%= link_to 'Edit', edit_user_path(@user) %> |
  
app/views/users/show.html.erb:14:in `_app_views_users_show_html_erb___3863221888732282515_70146963203000'
Started GET "/users/1" for 127.0.0.1 at 2018-08-26 22:23:46 -0400
Processing by UsersController#show as HTML
  Parameters: {"id"=>"1"}
  [1m[36mUser Load (0.1ms)[0m  [1m[34mSELECT  "users".* FROM "users" WHERE "users"."id" = ? LIMIT ?[0m  [["id", 1], ["LIMIT", 1]]
  Rendering users/show.html.erb within layouts/application
  [1m[36mMicropost Load (0.2ms)[0m  [1m[34mSELECT  "microposts".* FROM "microposts" WHERE "microposts"."user_id" = ? ORDER BY "microposts"."id" ASC LIMIT ? OFFSET ?[0m  [["user_id", 1], ["LIMIT", 1], ["OFFSET", 1]]
  Rendered users/show.html.erb within layouts/application (1.7ms)
Completed 200 OK in 19ms (Views: 17.0ms | ActiveRecord: 0.3ms)


Started GET "/users/1" for 127.0.0.1 at 2018-08-26 22:24:10 -0400
Processing by UsersController#show as HTML
  Parameters: {"id"=>"1"}
  [1m[36mUser Load (0.1ms)[0m  [1m[34mSELECT  "users".* FROM "users" WHERE "users"."id" = ? LIMIT ?[0m  [["id", 1], ["LIMIT", 1]]
  Rendering users/show.html.erb within layouts/application
  Rendered users/show.html.erb within layouts/application (6.9ms)
Completed 500 Internal Server Error in 10ms (ActiveRecord: 0.1ms)


  
ActionView::Template::Error (undefined method `micropost' for #<User:0x00007f98b8060858>
Did you mean?  microposts
               microposts=):
    11: </p>
    12: <p>
    13:   <strong>Post:</strong>
    14:   <%= @user.micropost.all %>
    15: </p>
    16: 
    17: <%= link_to 'Edit', edit_user_path(@user) %> |
  
app/views/users/show.html.erb:14:in `_app_views_users_show_html_erb___3863221888732282515_70146949577340'
Started GET "/users/1" for 127.0.0.1 at 2018-08-26 22:25:07 -0400
Processing by UsersController#show as HTML
  Parameters: {"id"=>"1"}
  [1m[36mUser Load (0.1ms)[0m  [1m[34mSELECT  "users".* FROM "users" WHERE "users"."id" = ? LIMIT ?[0m  [["id", 1], ["LIMIT", 1]]
Completed 500 Internal Server Error in 12ms (ActiveRecord: 0.9ms)


  
NoMethodError (undefined method `all' for nil:NilClass):
  
app/controllers/users_controller.rb:13:in `show'
Started GET "/users/1" for 127.0.0.1 at 2018-08-26 22:25:14 -0400
Processing by UsersController#show as HTML
  Parameters: {"id"=>"1"}
  [1m[36mUser Load (0.2ms)[0m  [1m[34mSELECT  "users".* FROM "users" WHERE "users"."id" = ? LIMIT ?[0m  [["id", 1], ["LIMIT", 1]]
Completed 500 Internal Server Error in 16ms (ActiveRecord: 1.1ms)


  
NoMethodError (undefined method `all' for nil:NilClass):
  
app/controllers/users_controller.rb:13:in `show'
Started GET "/users" for 127.0.0.1 at 2018-08-26 22:26:35 -0400
Processing by UsersController#index as HTML
  Rendering users/index.html.erb within layouts/application
  [1m[36mUser Load (0.1ms)[0m  [1m[34mSELECT "users".* FROM "users"[0m
  Rendered users/index.html.erb within layouts/application (19.5ms)
Completed 200 OK in 42ms (Views: 39.0ms | ActiveRecord: 1.9ms)


Started GET "/users/1" for 127.0.0.1 at 2018-08-26 22:28:39 -0400
Processing by UsersController#show as HTML
  Parameters: {"id"=>"1"}
  [1m[36mUser Load (0.1ms)[0m  [1m[34mSELECT  "users".* FROM "users" WHERE "users"."id" = ? LIMIT ?[0m  [["id", 1], ["LIMIT", 1]]
  Rendering users/show.html.erb within layouts/application
  Rendered users/show.html.erb within layouts/application (3.7ms)
Completed 200 OK in 45ms (Views: 33.5ms | ActiveRecord: 0.9ms)


Started GET "/users/1" for 127.0.0.1 at 2018-08-26 22:28:45 -0400
Processing by UsersController#show as HTML
  Parameters: {"id"=>"1"}
  [1m[36mUser Load (0.1ms)[0m  [1m[34mSELECT  "users".* FROM "users" WHERE "users"."id" = ? LIMIT ?[0m  [["id", 1], ["LIMIT", 1]]
  Rendering users/show.html.erb within layouts/application
  Rendered users/show.html.erb within layouts/application (10.5ms)
Completed 500 Internal Server Error in 14ms (ActiveRecord: 0.1ms)


  
ActionView::Template::Error (undefined method `micropost' for #<User:0x00007f98b007e978>
Did you mean?  microposts
               microposts=):
    11: </p>
    12: <p>
    13:   <strong>Post:</strong>
    14:   <%= @user.micropost %>
    15: </p>
    16: 
    17: <%= link_to 'Edit', edit_user_path(@user) %> |
  
app/views/users/show.html.erb:14:in `_app_views_users_show_html_erb___3863221888732282515_70146882529440'
Started GET "/users/1" for 127.0.0.1 at 2018-08-26 22:28:56 -0400
Processing by UsersController#show as HTML
  Parameters: {"id"=>"1"}
  [1m[36mUser Load (0.1ms)[0m  [1m[34mSELECT  "users".* FROM "users" WHERE "users"."id" = ? LIMIT ?[0m  [["id", 1], ["LIMIT", 1]]
  Rendering users/show.html.erb within layouts/application
  [1m[36mMicropost Load (0.1ms)[0m  [1m[34mSELECT  "microposts".* FROM "microposts" WHERE "microposts"."user_id" = ? ORDER BY "microposts"."id" ASC LIMIT ?[0m  [["user_id", 1], ["LIMIT", 1]]
  Rendered users/show.html.erb within layouts/application (9.7ms)
Completed 200 OK in 27ms (Views: 24.9ms | ActiveRecord: 1.4ms)


Started GET "/users/1" for 127.0.0.1 at 2018-08-26 22:29:02 -0400
Processing by UsersController#show as HTML
  Parameters: {"id"=>"1"}
  [1m[36mUser Load (0.1ms)[0m  [1m[34mSELECT  "users".* FROM "users" WHERE "users"."id" = ? LIMIT ?[0m  [["id", 1], ["LIMIT", 1]]
  Rendering users/show.html.erb within layouts/application
  [1m[36mMicropost Load (0.2ms)[0m  [1m[34mSELECT  "microposts".* FROM "microposts" WHERE "microposts"."user_id" = ? LIMIT ?[0m  [["user_id", 1], ["LIMIT", 11]]
  Rendered users/show.html.erb within layouts/application (7.3ms)
Completed 500 Internal Server Error in 11ms (ActiveRecord: 0.3ms)


  
ActionView::Template::Error (undefined method `content' for #<Micropost::ActiveRecord_Associations_CollectionProxy:0x00007f98b996b7a8>
Did you mean?  connection):
    11: </p>
    12: <p>
    13:   <strong>Post:</strong>
    14:   <%= @user.microposts.content %>
    15: </p>
    16: 
    17: <%= link_to 'Edit', edit_user_path(@user) %> |
  
app/views/users/show.html.erb:14:in `_app_views_users_show_html_erb___3863221888732282515_70146962725420'
Started GET "/users/1" for 127.0.0.1 at 2018-08-26 22:29:15 -0400
Processing by UsersController#show as HTML
  Parameters: {"id"=>"1"}
  [1m[36mUser Load (0.1ms)[0m  [1m[34mSELECT  "users".* FROM "users" WHERE "users"."id" = ? LIMIT ?[0m  [["id", 1], ["LIMIT", 1]]
  Rendering users/show.html.erb within layouts/application
  [1m[36mMicropost Load (0.5ms)[0m  [1m[34mSELECT  "microposts".* FROM "microposts" WHERE "microposts"."user_id" = ? ORDER BY "microposts"."id" ASC LIMIT ?[0m  [["user_id", 1], ["LIMIT", 1]]
  Rendered users/show.html.erb within layouts/application (7.3ms)
Completed 200 OK in 31ms (Views: 29.0ms | ActiveRecord: 0.6ms)


Started GET "/users/1" for 127.0.0.1 at 2018-08-26 22:29:46 -0400
Processing by UsersController#show as HTML
  Parameters: {"id"=>"1"}
  [1m[36mUser Load (0.1ms)[0m  [1m[34mSELECT  "users".* FROM "users" WHERE "users"."id" = ? LIMIT ?[0m  [["id", 1], ["LIMIT", 1]]
  [1m[36mCACHE User Load (0.0ms)[0m  [1m[34mSELECT  "users".* FROM "users" WHERE "users"."id" = ? LIMIT ?[0m  [["id", 1], ["LIMIT", 1]]
  [1m[36mMicropost Load (0.1ms)[0m  [1m[34mSELECT  "microposts".* FROM "microposts" WHERE "microposts"."user_id" = ? LIMIT ?[0m  [["user_id", 1], ["LIMIT", 11]]
Completed 500 Internal Server Error in 23ms (ActiveRecord: 1.1ms)


  
  [1m[36mCACHE Micropost Load (0.0ms)[0m  [1m[34mSELECT  "microposts".* FROM "microposts" WHERE "microposts"."user_id" = ? LIMIT ?[0m  [["user_id", 1], ["LIMIT", 11]]
NoMethodError (undefined method `content' for #<Micropost::ActiveRecord_Associations_CollectionProxy:0x00007f98a418a918>
Did you mean?  connection):
  
app/controllers/users_controller.rb:14:in `show'
Started GET "/users/1" for 127.0.0.1 at 2018-08-26 22:30:19 -0400
Processing by UsersController#show as HTML
  Parameters: {"id"=>"1"}
  [1m[36mUser Load (0.1ms)[0m  [1m[34mSELECT  "users".* FROM "users" WHERE "users"."id" = ? LIMIT ?[0m  [["id", 1], ["LIMIT", 1]]
  [1m[36mCACHE User Load (0.0ms)[0m  [1m[34mSELECT  "users".* FROM "users" WHERE "users"."id" = ? LIMIT ?[0m  [["id", 1], ["LIMIT", 1]]
  Rendering users/show.html.erb within layouts/application
  Rendered users/show.html.erb within layouts/application (1.9ms)
Completed 500 Internal Server Error in 17ms (ActiveRecord: 0.9ms)


  
ActionView::Template::Error (undefined method `content' for nil:NilClass):
    11: </p>
    12: <p>
    13:   <strong>Post:</strong>
    14:   <%= @microposts.content %>
    15: </p>
    16: 
    17: <%= link_to 'Edit', edit_user_path(@user) %> |
  
app/views/users/show.html.erb:14:in `_app_views_users_show_html_erb___3863221888732282515_20436360'
Started GET "/users/1" for 127.0.0.1 at 2018-08-26 22:31:15 -0400
Processing by UsersController#show as HTML
  Parameters: {"id"=>"1"}
  [1m[36mUser Load (0.2ms)[0m  [1m[34mSELECT  "users".* FROM "users" WHERE "users"."id" = ? LIMIT ?[0m  [["id", 1], ["LIMIT", 1]]
  [1m[36mCACHE User Load (0.0ms)[0m  [1m[34mSELECT  "users".* FROM "users" WHERE "users"."id" = ? LIMIT ?[0m  [["id", 1], ["LIMIT", 1]]
  [1m[36mMicropost Load (0.1ms)[0m  [1m[34mSELECT  "microposts".* FROM "microposts" WHERE "microposts"."user_id" = ? ORDER BY "microposts"."id" ASC LIMIT ?[0m  [["user_id", 1], ["LIMIT", 1]]
  Rendering users/show.html.erb within layouts/application
  Rendered users/show.html.erb within layouts/application (3.1ms)
Completed 500 Internal Server Error in 26ms (ActiveRecord: 1.9ms)


  
ActionView::Template::Error (undefined method `content' for nil:NilClass):
    11: </p>
    12: <p>
    13:   <strong>Post:</strong>
    14:   <%= @microposts.content %>
    15: </p>
    16: 
    17: <%= link_to 'Edit', edit_user_path(@user) %> |
  
app/views/users/show.html.erb:14:in `_app_views_users_show_html_erb___3863221888732282515_70146852406520'
Started GET "/users/1" for 127.0.0.1 at 2018-08-26 22:32:29 -0400
Processing by UsersController#show as HTML
  Parameters: {"id"=>"1"}
  [1m[36mUser Load (0.2ms)[0m  [1m[34mSELECT  "users".* FROM "users" WHERE "users"."id" = ? LIMIT ?[0m  [["id", 1], ["LIMIT", 1]]
  [1m[36mCACHE User Load (0.0ms)[0m  [1m[34mSELECT  "users".* FROM "users" WHERE "users"."id" = ? LIMIT ?[0m  [["id", 1], ["LIMIT", 1]]
  [1m[36mMicropost Load (0.3ms)[0m  [1m[34mSELECT  "microposts".* FROM "microposts" WHERE "microposts"."user_id" = ? ORDER BY "microposts"."id" ASC LIMIT ?[0m  [["user_id", 1], ["LIMIT", 1]]
  Rendering users/show.html.erb within layouts/application
  Rendered users/show.html.erb within layouts/application (0.7ms)
Completed 200 OK in 20ms (Views: 14.8ms | ActiveRecord: 0.6ms)


Started GET "/users/1" for 127.0.0.1 at 2018-08-26 22:32:39 -0400
Processing by UsersController#show as HTML
  Parameters: {"id"=>"1"}
  [1m[36mUser Load (0.1ms)[0m  [1m[34mSELECT  "users".* FROM "users" WHERE "users"."id" = ? LIMIT ?[0m  [["id", 1], ["LIMIT", 1]]
  [1m[36mCACHE User Load (0.0ms)[0m  [1m[34mSELECT  "users".* FROM "users" WHERE "users"."id" = ? LIMIT ?[0m  [["id", 1], ["LIMIT", 1]]
  Rendering users/show.html.erb within layouts/application
  [1m[36mMicropost Load (0.1ms)[0m  [1m[34mSELECT  "microposts".* FROM "microposts" WHERE "microposts"."user_id" = ? LIMIT ?[0m  [["user_id", 1], ["LIMIT", 11]]
  Rendered users/show.html.erb within layouts/application (15.1ms)
Completed 500 Internal Server Error in 41ms (ActiveRecord: 1.6ms)


  
ActionView::Template::Error (undefined method `content' for #<Micropost::ActiveRecord_Associations_CollectionProxy:0x00007f98b9900700>
Did you mean?  connection):
    11: </p>
    12: <p>
    13:   <strong>Post:</strong>
    14:   <%= @micropost.content %>
    15: </p>
    16: 
    17: <%= link_to 'Edit', edit_user_path(@user) %> |
  
app/views/users/show.html.erb:14:in `_app_views_users_show_html_erb___3863221888732282515_70146962485540'
Started GET "/users/1" for 127.0.0.1 at 2018-08-26 22:32:45 -0400
Processing by UsersController#show as HTML
  Parameters: {"id"=>"1"}
  [1m[36mUser Load (0.1ms)[0m  [1m[34mSELECT  "users".* FROM "users" WHERE "users"."id" = ? LIMIT ?[0m  [["id", 1], ["LIMIT", 1]]
  [1m[36mCACHE User Load (0.0ms)[0m  [1m[34mSELECT  "users".* FROM "users" WHERE "users"."id" = ? LIMIT ?[0m  [["id", 1], ["LIMIT", 1]]
  [1m[36mMicropost Load (0.1ms)[0m  [1m[34mSELECT  "microposts".* FROM "microposts" WHERE "microposts"."user_id" = ? ORDER BY "microposts"."id" ASC LIMIT ?[0m  [["user_id", 1], ["LIMIT", 1]]
  Rendering users/show.html.erb within layouts/application
  Rendered users/show.html.erb within layouts/application (0.8ms)
Completed 200 OK in 49ms (Views: 20.1ms | ActiveRecord: 1.6ms)


Started GET "/users/1" for 127.0.0.1 at 2018-08-26 22:33:13 -0400
Processing by UsersController#show as HTML
  Parameters: {"id"=>"1"}
  [1m[36mUser Load (0.2ms)[0m  [1m[34mSELECT  "users".* FROM "users" WHERE "users"."id" = ? LIMIT ?[0m  [["id", 1], ["LIMIT", 1]]
  Rendering users/show.html.erb within layouts/application
  Rendered users/show.html.erb within layouts/application (6.3ms)
Completed 500 Internal Server Error in 19ms (ActiveRecord: 0.9ms)


  
ActionView::Template::Error (undefined method `micropost' for #<User:0x00007f98a4177188>
Did you mean?  microposts
               microposts=):
    11: </p>
    12: <p>
    13:   <strong>Post:</strong>
    14:   <%= @user.micropost.first.content %>
    15: </p>
    16: 
    17: <%= link_to 'Edit', edit_user_path(@user) %> |
  
app/views/users/show.html.erb:14:in `_app_views_users_show_html_erb___3863221888732282515_70146782372520'
Started GET "/users/1" for 127.0.0.1 at 2018-08-26 22:33:19 -0400
Processing by UsersController#show as HTML
  Parameters: {"id"=>"1"}
  [1m[36mUser Load (0.1ms)[0m  [1m[34mSELECT  "users".* FROM "users" WHERE "users"."id" = ? LIMIT ?[0m  [["id", 1], ["LIMIT", 1]]
  Rendering users/show.html.erb within layouts/application
  [1m[36mMicropost Load (0.1ms)[0m  [1m[34mSELECT  "microposts".* FROM "microposts" WHERE "microposts"."user_id" = ? ORDER BY "microposts"."id" ASC LIMIT ?[0m  [["user_id", 1], ["LIMIT", 1]]
  Rendered users/show.html.erb within layouts/application (17.5ms)
Completed 200 OK in 44ms (Views: 40.5ms | ActiveRecord: 1.0ms)


Started GET "/users" for 127.0.0.1 at 2018-08-26 22:33:22 -0400
Processing by UsersController#index as HTML
  Rendering users/index.html.erb within layouts/application
  [1m[36mUser Load (0.2ms)[0m  [1m[34mSELECT "users".* FROM "users"[0m
  Rendered users/index.html.erb within layouts/application (1.8ms)
Completed 200 OK in 20ms (Views: 18.2ms | ActiveRecord: 0.2ms)


Started GET "/microposts" for 127.0.0.1 at 2018-08-26 22:35:06 -0400
Processing by MicropostsController#index as HTML
Completed 500 Internal Server Error in 3ms


  
SyntaxError (/home/karna/Documents/Rails/r_Projects/environment/toy_app/app/models/micropost.rb:3: syntax error, unexpected ':', expecting keyword_end
    presence: true #checks if it exists
            ^):
  
app/models/micropost.rb:3: syntax error, unexpected ':', expecting keyword_end
app/controllers/microposts_controller.rb:7:in `index'
Started GET "/microposts" for 127.0.0.1 at 2018-08-26 22:35:41 -0400
Processing by MicropostsController#index as HTML
Completed 500 Internal Server Error in 1ms


  
SyntaxError (/home/karna/Documents/Rails/r_Projects/environment/toy_app/app/models/micropost.rb:5: syntax error, unexpected ':', expecting keyword_end
    presence: true #checks if it exists
            ^):
  
app/models/micropost.rb:5: syntax error, unexpected ':', expecting keyword_end
app/controllers/microposts_controller.rb:7:in `index'
Started GET "/microposts" for 127.0.0.1 at 2018-08-26 22:36:03 -0400
Processing by MicropostsController#index as HTML
Completed 500 Internal Server Error in 1ms


  
SyntaxError (/home/karna/Documents/Rails/r_Projects/environment/toy_app/app/models/micropost.rb:6: syntax error, unexpected ':', expecting keyword_end
    presence: true
            ^):
  
app/models/micropost.rb:6: syntax error, unexpected ':', expecting keyword_end
app/controllers/microposts_controller.rb:7:in `index'
Started GET "/microposts" for 127.0.0.1 at 2018-08-26 22:36:52 -0400
Processing by MicropostsController#index as HTML
  Rendering microposts/index.html.erb within layouts/application
  [1m[36mMicropost Load (0.1ms)[0m  [1m[34mSELECT "microposts".* FROM "microposts"[0m
  Rendered microposts/index.html.erb within layouts/application (9.6ms)
Completed 200 OK in 35ms (Views: 32.2ms | ActiveRecord: 0.9ms)


Started GET "/microposts/new" for 127.0.0.1 at 2018-08-26 22:36:57 -0400
Processing by MicropostsController#new as HTML
  Rendering microposts/new.html.erb within layouts/application
  Rendered microposts/_form.html.erb (3.4ms)
  Rendered microposts/new.html.erb within layouts/application (5.5ms)
Completed 200 OK in 31ms (Views: 28.9ms | ActiveRecord: 0.0ms)


Started POST "/microposts" for 127.0.0.1 at 2018-08-26 22:37:01 -0400
Processing by MicropostsController#create as HTML
  Parameters: {"utf8"=>"✓", "authenticity_token"=>"3B+TiFpUpZBBaJxSLb8abOfg5bf0PrZDSaLVsJgGTrnF2UeDu9D97FKmmxdANZZCaDtrKdn3q4O//emzkweYHQ==", "micropost"=>{"content"=>"", "user_id"=>"1"}, "commit"=>"Create Micropost"}
  [1m[35m (0.1ms)[0m  [1m[36mbegin transaction[0m
  [1m[36mUser Load (0.2ms)[0m  [1m[34mSELECT  "users".* FROM "users" WHERE "users"."id" = ? LIMIT ?[0m  [["id", 1], ["LIMIT", 1]]
  [1m[35m (0.2ms)[0m  [1m[31mrollback transaction[0m
  Rendering microposts/new.html.erb within layouts/application
  Rendered microposts/_form.html.erb (1.7ms)
  Rendered microposts/new.html.erb within layouts/application (2.7ms)
Completed 200 OK in 30ms (Views: 18.0ms | ActiveRecord: 0.9ms)


Started GET "/" for 127.0.0.1 at 2018-08-26 22:44:31 -0400
Processing by UsersController#index as HTML
  Rendering users/index.html.erb within layouts/application
  [1m[36mUser Load (0.7ms)[0m  [1m[34mSELECT "users".* FROM "users"[0m
  Rendered users/index.html.erb within layouts/application (12.4ms)
Completed 200 OK in 38ms (Views: 33.8ms | ActiveRecord: 2.9ms)


Started GET "/users/new" for 127.0.0.1 at 2018-08-26 22:44:33 -0400
Processing by UsersController#new as HTML
  Rendering users/new.html.erb within layouts/application
  Rendered users/_form.html.erb (2.0ms)
  Rendered users/new.html.erb within layouts/application (3.2ms)
Completed 200 OK in 34ms (Views: 32.7ms | ActiveRecord: 0.0ms)


Started POST "/users" for 127.0.0.1 at 2018-08-26 22:44:34 -0400
Processing by UsersController#create as HTML
  Parameters: {"utf8"=>"✓", "authenticity_token"=>"n4mpzpWIxtkZkMGHk1sdR4n3hrZKVyeflrS3FVUR5vZggDsYp5Bj1mXTOt9pEmwJdqguh1SeJl2MgEK7KuWI4g==", "user"=>{"name"=>"", "email"=>""}, "commit"=>"Create User"}
  [1m[35m (0.1ms)[0m  [1m[36mbegin transaction[0m
  [1m[35m (0.1ms)[0m  [1m[31mrollback transaction[0m
  Rendering users/new.html.erb within layouts/application
  Rendered users/_form.html.erb (2.3ms)
  Rendered users/new.html.erb within layouts/application (3.6ms)
Completed 200 OK in 26ms (Views: 21.5ms | ActiveRecord: 0.2ms)


Started GET "/users" for 127.0.0.1 at 2018-08-26 22:45:06 -0400
Processing by UsersController#index as HTML
  Rendering users/index.html.erb within layouts/application
  [1m[36mUser Load (0.1ms)[0m  [1m[34mSELECT "users".* FROM "users"[0m
  Rendered users/index.html.erb within layouts/application (1.4ms)
Completed 200 OK in 14ms (Views: 13.3ms | ActiveRecord: 0.1ms)


Started GET "/users" for 127.0.0.1 at 2018-08-26 22:59:12 -0400
Processing by UsersController#index as HTML
  Rendering users/index.html.erb within layouts/application
  [1m[36mUser Load (0.2ms)[0m  [1m[34mSELECT "users".* FROM "users"[0m
  Rendered users/index.html.erb within layouts/application (1.4ms)
Completed 200 OK in 18ms (Views: 16.8ms | ActiveRecord: 0.2ms)


  [1m[35m (0.1ms)[0m  [1m[34mSELECT "schema_migrations"."version" FROM "schema_migrations" ORDER BY "schema_migrations"."version" ASC[0m
  [1m[36mActiveRecord::InternalMetadata Load (0.1ms)[0m  [1m[34mSELECT  "ar_internal_metadata".* FROM "ar_internal_metadata" WHERE "ar_internal_metadata"."key" = ? LIMIT ?[0m  [["key", "environment"], ["LIMIT", 1]]
  [1m[35m (0.1ms)[0m  [1m[36mbegin transaction[0m
  [1m[35m (0.0ms)[0m  [1m[36mcommit transaction[0m
  [1m[35m (0.1ms)[0m  [1m[34mSELECT "schema_migrations"."version" FROM "schema_migrations" ORDER BY "schema_migrations"."version" ASC[0m
Started GET "/" for 127.0.0.1 at 2018-08-26 23:07:40 -0400
  [1m[35m (0.1ms)[0m  [1m[34mSELECT "schema_migrations"."version" FROM "schema_migrations" ORDER BY "schema_migrations"."version" ASC[0m
Processing by UsersController#index as HTML
  Rendering users/index.html.erb within layouts/application
  [1m[36mUser Load (0.2ms)[0m  [1m[34mSELECT "users".* FROM "users"[0m
  Rendered users/index.html.erb within layouts/application (13.7ms)
Completed 200 OK in 258ms (Views: 243.0ms | ActiveRecord: 2.4ms)


